This file contains any messages produced by compilers while
running configure, to aid debugging if configure makes a mistake.

It was created by HMMER configure 3.2, which was
generated by GNU Autoconf 2.69.  Invocation command line was

  $ ./configure 

## --------- ##
## Platform. ##
## --------- ##

hostname = OptiPlex-3050
uname -m = x86_64
uname -r = 4.15.0-193-generic
uname -s = Linux
uname -v = #204-Ubuntu SMP Fri Aug 26 19:20:21 UTC 2022

/usr/bin/uname -p = unknown
/bin/uname -X     = unknown

/bin/arch              = unknown
/usr/bin/arch -k       = unknown
/usr/convex/getsysinfo = unknown
/usr/bin/hostinfo      = unknown
/bin/machine           = unknown
/usr/bin/oslevel       = unknown
/bin/universe          = unknown

PATH: /home/amvarani/TEs/non-LTR/hmmer-3.2/src
PATH: /home/amvarani/TEs/non-LTR/mgescan/mgescan/bin
PATH: /home/amvarani/.local/bin
PATH: /usr/local/sbin
PATH: /usr/local/bin
PATH: /usr/sbin
PATH: /usr/bin
PATH: /sbin
PATH: /bin
PATH: /usr/games
PATH: /usr/local/games
PATH: /snap/bin
PATH: /usr/lib/jvm/java-8-oracle/bin
PATH: /usr/lib/jvm/java-8-oracle/db/bin
PATH: /usr/lib/jvm/java-8-oracle/jre/bin


## ----------- ##
## Core tests. ##
## ----------- ##

configure:2275: Configuring HMMER3 for your system.
configure:2428: checking build system type
configure:2442: result: x86_64-pc-linux-gnu
configure:2462: checking host system type
configure:2475: result: x86_64-pc-linux-gnu
configure:2658: checking for gcc
configure:2674: found /usr/bin/gcc
configure:2685: result: gcc
configure:2914: checking for C compiler version
configure:2923: gcc --version >&5
gcc (Ubuntu 7.5.0-3ubuntu1~18.04) 7.5.0
Copyright (C) 2017 Free Software Foundation, Inc.
This is free software; see the source for copying conditions.  There is NO
warranty; not even for MERCHANTABILITY or FITNESS FOR A PARTICULAR PURPOSE.

configure:2934: $? = 0
configure:2923: gcc -v >&5
Using built-in specs.
COLLECT_GCC=gcc
COLLECT_LTO_WRAPPER=/usr/lib/gcc/x86_64-linux-gnu/7/lto-wrapper
OFFLOAD_TARGET_NAMES=nvptx-none
OFFLOAD_TARGET_DEFAULT=1
Target: x86_64-linux-gnu
Configured with: ../src/configure -v --with-pkgversion='Ubuntu 7.5.0-3ubuntu1~18.04' --with-bugurl=file:///usr/share/doc/gcc-7/README.Bugs --enable-languages=c,ada,c++,go,brig,d,fortran,objc,obj-c++ --prefix=/usr --with-gcc-major-version-only --program-suffix=-7 --program-prefix=x86_64-linux-gnu- --enable-shared --enable-linker-build-id --libexecdir=/usr/lib --without-included-gettext --enable-threads=posix --libdir=/usr/lib --enable-nls --enable-bootstrap --enable-clocale=gnu --enable-libstdcxx-debug --enable-libstdcxx-time=yes --with-default-libstdcxx-abi=new --enable-gnu-unique-object --disable-vtable-verify --enable-libmpx --enable-plugin --enable-default-pie --with-system-zlib --with-target-system-zlib --enable-objc-gc=auto --enable-multiarch --disable-werror --with-arch-32=i686 --with-abi=m64 --with-multilib-list=m32,m64,mx32 --enable-multilib --with-tune=generic --enable-offload-targets=nvptx-none --without-cuda-driver --enable-checking=release --build=x86_64-linux-gnu --host=x86_64-linux-gnu --target=x86_64-linux-gnu
Thread model: posix
gcc version 7.5.0 (Ubuntu 7.5.0-3ubuntu1~18.04) 
configure:2934: $? = 0
configure:2923: gcc -V >&5
gcc: error: unrecognized command line option '-V'
gcc: fatal error: no input files
compilation terminated.
configure:2934: $? = 1
configure:2923: gcc -qversion >&5
gcc: error: unrecognized command line option '-qversion'; did you mean '--version'?
gcc: fatal error: no input files
compilation terminated.
configure:2934: $? = 1
configure:2954: checking whether the C compiler works
configure:2976: gcc    conftest.c  >&5
configure:2980: $? = 0
configure:3028: result: yes
configure:3031: checking for C compiler default output file name
configure:3033: result: a.out
configure:3039: checking for suffix of executables
configure:3046: gcc -o conftest    conftest.c  >&5
configure:3050: $? = 0
configure:3072: result: 
configure:3094: checking whether we are cross compiling
configure:3102: gcc -o conftest    conftest.c  >&5
configure:3106: $? = 0
configure:3113: ./conftest
configure:3117: $? = 0
configure:3132: result: no
configure:3137: checking for suffix of object files
configure:3159: gcc -c   conftest.c >&5
configure:3163: $? = 0
configure:3184: result: o
configure:3188: checking whether we are using the GNU C compiler
configure:3207: gcc -c   conftest.c >&5
configure:3207: $? = 0
configure:3216: result: yes
configure:3225: checking whether gcc accepts -g
configure:3245: gcc -c -g  conftest.c >&5
configure:3245: $? = 0
configure:3286: result: yes
configure:3303: checking for gcc option to accept ISO C89
configure:3366: gcc  -c -g -O2  conftest.c >&5
configure:3366: $? = 0
configure:3379: result: none needed
configure:3404: checking how to run the C preprocessor
configure:3435: gcc -E  conftest.c
configure:3435: $? = 0
configure:3449: gcc -E  conftest.c
conftest.c:19:10: fatal error: ac_nonexistent.h: No such file or directory
 #include <ac_nonexistent.h>
          ^~~~~~~~~~~~~~~~~~
compilation terminated.
configure:3449: $? = 1
configure: failed program was:
| /* confdefs.h */
| #define PACKAGE_NAME "HMMER"
| #define PACKAGE_TARNAME "hmmer"
| #define PACKAGE_VERSION "3.2"
| #define PACKAGE_STRING "HMMER 3.2"
| #define PACKAGE_BUGREPORT "sean@eddylab.org"
| #define PACKAGE_URL ""
| #define HMMER_DATE "June 2018"
| #define HMMER_COPYRIGHT "Copyright (C) 2018 Howard Hughes Medical Institute."
| #define HMMER_LICENSE "Freely distributed under the BSD open source license."
| #define HMMER_VERSION "3.2"
| #define HMMER_URL "http://hmmer.org/"
| #define EASEL_DATE "June 2018"
| #define EASEL_COPYRIGHT "Copyright (C) 2018 Howard Hughes Medical Institute."
| #define EASEL_LICENSE "Freely distributed under the BSD open source license."
| #define EASEL_VERSION "0.44"
| #define eslDEBUGLEVEL 0
| /* end confdefs.h.  */
| #include <ac_nonexistent.h>
configure:3474: result: gcc -E
configure:3494: gcc -E  conftest.c
configure:3494: $? = 0
configure:3508: gcc -E  conftest.c
conftest.c:19:10: fatal error: ac_nonexistent.h: No such file or directory
 #include <ac_nonexistent.h>
          ^~~~~~~~~~~~~~~~~~
compilation terminated.
configure:3508: $? = 1
configure: failed program was:
| /* confdefs.h */
| #define PACKAGE_NAME "HMMER"
| #define PACKAGE_TARNAME "hmmer"
| #define PACKAGE_VERSION "3.2"
| #define PACKAGE_STRING "HMMER 3.2"
| #define PACKAGE_BUGREPORT "sean@eddylab.org"
| #define PACKAGE_URL ""
| #define HMMER_DATE "June 2018"
| #define HMMER_COPYRIGHT "Copyright (C) 2018 Howard Hughes Medical Institute."
| #define HMMER_LICENSE "Freely distributed under the BSD open source license."
| #define HMMER_VERSION "3.2"
| #define HMMER_URL "http://hmmer.org/"
| #define EASEL_DATE "June 2018"
| #define EASEL_COPYRIGHT "Copyright (C) 2018 Howard Hughes Medical Institute."
| #define EASEL_LICENSE "Freely distributed under the BSD open source license."
| #define EASEL_VERSION "0.44"
| #define eslDEBUGLEVEL 0
| /* end confdefs.h.  */
| #include <ac_nonexistent.h>
configure:3550: checking for a BSD-compatible install
configure:3618: result: /usr/bin/install -c
configure:3672: checking for ranlib
configure:3688: found /usr/bin/ranlib
configure:3699: result: ranlib
configure:3723: checking for ar
configure:3742: found /usr/bin/ar
configure:3755: result: /usr/bin/ar
configure:3763: checking whether ln -s works
configure:3767: result: yes
configure:3777: checking for C compiler vendor
configure:3824: gcc -c -g -O2  conftest.c >&5
conftest.c: In function 'main':
conftest.c:25:9: error: 'thisisanerror' undeclared (first use in this function)
         thisisanerror;
         ^~~~~~~~~~~~~
conftest.c:25:9: note: each undeclared identifier is reported only once for each function it appears in
configure:3824: $? = 1
configure: failed program was:
| /* confdefs.h */
| #define PACKAGE_NAME "HMMER"
| #define PACKAGE_TARNAME "hmmer"
| #define PACKAGE_VERSION "3.2"
| #define PACKAGE_STRING "HMMER 3.2"
| #define PACKAGE_BUGREPORT "sean@eddylab.org"
| #define PACKAGE_URL ""
| #define HMMER_DATE "June 2018"
| #define HMMER_COPYRIGHT "Copyright (C) 2018 Howard Hughes Medical Institute."
| #define HMMER_LICENSE "Freely distributed under the BSD open source license."
| #define HMMER_VERSION "3.2"
| #define HMMER_URL "http://hmmer.org/"
| #define EASEL_DATE "June 2018"
| #define EASEL_COPYRIGHT "Copyright (C) 2018 Howard Hughes Medical Institute."
| #define EASEL_LICENSE "Freely distributed under the BSD open source license."
| #define EASEL_VERSION "0.44"
| #define eslDEBUGLEVEL 0
| /* end confdefs.h.  */
| 
| int
| main ()
| {
| 
|       #if !(defined(__ICC) || defined(__ECC) || defined(__INTEL_COMPILER))
|         thisisanerror;
|       #endif
| 
|   ;
|   return 0;
| }
configure:3824: gcc -c -g -O2  conftest.c >&5
conftest.c: In function 'main':
conftest.c:25:9: error: 'thisisanerror' undeclared (first use in this function)
         thisisanerror;
         ^~~~~~~~~~~~~
conftest.c:25:9: note: each undeclared identifier is reported only once for each function it appears in
configure:3824: $? = 1
configure: failed program was:
| /* confdefs.h */
| #define PACKAGE_NAME "HMMER"
| #define PACKAGE_TARNAME "hmmer"
| #define PACKAGE_VERSION "3.2"
| #define PACKAGE_STRING "HMMER 3.2"
| #define PACKAGE_BUGREPORT "sean@eddylab.org"
| #define PACKAGE_URL ""
| #define HMMER_DATE "June 2018"
| #define HMMER_COPYRIGHT "Copyright (C) 2018 Howard Hughes Medical Institute."
| #define HMMER_LICENSE "Freely distributed under the BSD open source license."
| #define HMMER_VERSION "3.2"
| #define HMMER_URL "http://hmmer.org/"
| #define EASEL_DATE "June 2018"
| #define EASEL_COPYRIGHT "Copyright (C) 2018 Howard Hughes Medical Institute."
| #define EASEL_LICENSE "Freely distributed under the BSD open source license."
| #define EASEL_VERSION "0.44"
| #define eslDEBUGLEVEL 0
| /* end confdefs.h.  */
| 
| int
| main ()
| {
| 
|       #if !(defined(__xlc__) || defined(__xlC__) || defined(__IBMC__) || defined(__IBMCPP__))
|         thisisanerror;
|       #endif
| 
|   ;
|   return 0;
| }
configure:3824: gcc -c -g -O2  conftest.c >&5
conftest.c: In function 'main':
conftest.c:25:9: error: 'thisisanerror' undeclared (first use in this function)
         thisisanerror;
         ^~~~~~~~~~~~~
conftest.c:25:9: note: each undeclared identifier is reported only once for each function it appears in
configure:3824: $? = 1
configure: failed program was:
| /* confdefs.h */
| #define PACKAGE_NAME "HMMER"
| #define PACKAGE_TARNAME "hmmer"
| #define PACKAGE_VERSION "3.2"
| #define PACKAGE_STRING "HMMER 3.2"
| #define PACKAGE_BUGREPORT "sean@eddylab.org"
| #define PACKAGE_URL ""
| #define HMMER_DATE "June 2018"
| #define HMMER_COPYRIGHT "Copyright (C) 2018 Howard Hughes Medical Institute."
| #define HMMER_LICENSE "Freely distributed under the BSD open source license."
| #define HMMER_VERSION "3.2"
| #define HMMER_URL "http://hmmer.org/"
| #define EASEL_DATE "June 2018"
| #define EASEL_COPYRIGHT "Copyright (C) 2018 Howard Hughes Medical Institute."
| #define EASEL_LICENSE "Freely distributed under the BSD open source license."
| #define EASEL_VERSION "0.44"
| #define eslDEBUGLEVEL 0
| /* end confdefs.h.  */
| 
| int
| main ()
| {
| 
|       #if !(defined(__PATHCC__) || defined(__PATHSCALE__))
|         thisisanerror;
|       #endif
| 
|   ;
|   return 0;
| }
configure:3824: gcc -c -g -O2  conftest.c >&5
conftest.c: In function 'main':
conftest.c:25:9: error: 'thisisanerror' undeclared (first use in this function)
         thisisanerror;
         ^~~~~~~~~~~~~
conftest.c:25:9: note: each undeclared identifier is reported only once for each function it appears in
configure:3824: $? = 1
configure: failed program was:
| /* confdefs.h */
| #define PACKAGE_NAME "HMMER"
| #define PACKAGE_TARNAME "hmmer"
| #define PACKAGE_VERSION "3.2"
| #define PACKAGE_STRING "HMMER 3.2"
| #define PACKAGE_BUGREPORT "sean@eddylab.org"
| #define PACKAGE_URL ""
| #define HMMER_DATE "June 2018"
| #define HMMER_COPYRIGHT "Copyright (C) 2018 Howard Hughes Medical Institute."
| #define HMMER_LICENSE "Freely distributed under the BSD open source license."
| #define HMMER_VERSION "3.2"
| #define HMMER_URL "http://hmmer.org/"
| #define EASEL_DATE "June 2018"
| #define EASEL_COPYRIGHT "Copyright (C) 2018 Howard Hughes Medical Institute."
| #define EASEL_LICENSE "Freely distributed under the BSD open source license."
| #define EASEL_VERSION "0.44"
| #define eslDEBUGLEVEL 0
| /* end confdefs.h.  */
| 
| int
| main ()
| {
| 
|       #if !(defined(__clang__))
|         thisisanerror;
|       #endif
| 
|   ;
|   return 0;
| }
configure:3824: gcc -c -g -O2  conftest.c >&5
conftest.c: In function 'main':
conftest.c:25:9: error: 'thisisanerror' undeclared (first use in this function)
         thisisanerror;
         ^~~~~~~~~~~~~
conftest.c:25:9: note: each undeclared identifier is reported only once for each function it appears in
configure:3824: $? = 1
configure: failed program was:
| /* confdefs.h */
| #define PACKAGE_NAME "HMMER"
| #define PACKAGE_TARNAME "hmmer"
| #define PACKAGE_VERSION "3.2"
| #define PACKAGE_STRING "HMMER 3.2"
| #define PACKAGE_BUGREPORT "sean@eddylab.org"
| #define PACKAGE_URL ""
| #define HMMER_DATE "June 2018"
| #define HMMER_COPYRIGHT "Copyright (C) 2018 Howard Hughes Medical Institute."
| #define HMMER_LICENSE "Freely distributed under the BSD open source license."
| #define HMMER_VERSION "3.2"
| #define HMMER_URL "http://hmmer.org/"
| #define EASEL_DATE "June 2018"
| #define EASEL_COPYRIGHT "Copyright (C) 2018 Howard Hughes Medical Institute."
| #define EASEL_LICENSE "Freely distributed under the BSD open source license."
| #define EASEL_VERSION "0.44"
| #define eslDEBUGLEVEL 0
| /* end confdefs.h.  */
| 
| int
| main ()
| {
| 
|       #if !(defined(_CRAYC))
|         thisisanerror;
|       #endif
| 
|   ;
|   return 0;
| }
configure:3824: gcc -c -g -O2  conftest.c >&5
conftest.c: In function 'main':
conftest.c:25:9: error: 'thisisanerror' undeclared (first use in this function)
         thisisanerror;
         ^~~~~~~~~~~~~
conftest.c:25:9: note: each undeclared identifier is reported only once for each function it appears in
configure:3824: $? = 1
configure: failed program was:
| /* confdefs.h */
| #define PACKAGE_NAME "HMMER"
| #define PACKAGE_TARNAME "hmmer"
| #define PACKAGE_VERSION "3.2"
| #define PACKAGE_STRING "HMMER 3.2"
| #define PACKAGE_BUGREPORT "sean@eddylab.org"
| #define PACKAGE_URL ""
| #define HMMER_DATE "June 2018"
| #define HMMER_COPYRIGHT "Copyright (C) 2018 Howard Hughes Medical Institute."
| #define HMMER_LICENSE "Freely distributed under the BSD open source license."
| #define HMMER_VERSION "3.2"
| #define HMMER_URL "http://hmmer.org/"
| #define EASEL_DATE "June 2018"
| #define EASEL_COPYRIGHT "Copyright (C) 2018 Howard Hughes Medical Institute."
| #define EASEL_LICENSE "Freely distributed under the BSD open source license."
| #define EASEL_VERSION "0.44"
| #define eslDEBUGLEVEL 0
| /* end confdefs.h.  */
| 
| int
| main ()
| {
| 
|       #if !(defined(__FUJITSU))
|         thisisanerror;
|       #endif
| 
|   ;
|   return 0;
| }
configure:3824: gcc -c -g -O2  conftest.c >&5
configure:3824: $? = 0
configure:3832: result: gnu
configure:3840: checking for gcc option to accept ISO C99
configure:3989: gcc  -c -g -O2  conftest.c >&5
configure:3989: $? = 0
configure:4002: result: none needed
configure:4110: checking for gcc option to accept ISO Standard C
configure:4121: result: none needed
configure:4365: checking for a sed that does not truncate output
configure:4429: result: /bin/sed
configure:4435: checking for grep that handles long lines and -e
configure:4493: result: /bin/grep
configure:4498: checking for egrep
configure:4560: result: /bin/grep -E
configure:4748: checking whether gcc is Clang
configure:4773: result: no
configure:4896: checking whether pthreads work with -pthread
configure:4990: gcc -o conftest -O3 -pthread   conftest.c   >&5
configure:4990: $? = 0
configure:4999: result: yes
configure:5018: checking for joinable pthread attribute
configure:5036: gcc -o conftest -O3 -pthread   conftest.c   >&5
configure:5036: $? = 0
configure:5044: result: PTHREAD_CREATE_JOINABLE
configure:5058: checking whether more special flags are required for pthreads
configure:5071: result: no
configure:5079: checking for PTHREAD_PRIO_INHERIT
configure:5095: gcc -o conftest -O3 -pthread   conftest.c   >&5
configure:5095: $? = 0
configure:5104: result: yes
configure:5246: checking whether gcc can compile our Altivec/VMX code
configure:5278: gcc -o conftest -O3   conftest.c  >&5
conftest.c:23:10: fatal error: altivec.h: No such file or directory
 #include <altivec.h>
          ^~~~~~~~~~~
compilation terminated.
configure:5278: $? = 1
configure: failed program was:
| /* confdefs.h */
| #define PACKAGE_NAME "HMMER"
| #define PACKAGE_TARNAME "hmmer"
| #define PACKAGE_VERSION "3.2"
| #define PACKAGE_STRING "HMMER 3.2"
| #define PACKAGE_BUGREPORT "sean@eddylab.org"
| #define PACKAGE_URL ""
| #define HMMER_DATE "June 2018"
| #define HMMER_COPYRIGHT "Copyright (C) 2018 Howard Hughes Medical Institute."
| #define HMMER_LICENSE "Freely distributed under the BSD open source license."
| #define HMMER_VERSION "3.2"
| #define HMMER_URL "http://hmmer.org/"
| #define EASEL_DATE "June 2018"
| #define EASEL_COPYRIGHT "Copyright (C) 2018 Howard Hughes Medical Institute."
| #define EASEL_LICENSE "Freely distributed under the BSD open source license."
| #define EASEL_VERSION "0.44"
| #define eslDEBUGLEVEL 0
| #define HAVE_PTHREAD_PRIO_INHERIT 1
| #define HAVE_PTHREAD 1
| #define HMMER_THREADS 1
| /* end confdefs.h.  */
| 
| #include <altivec.h>
| #include <stdint.h>
| int stub_vmx(void) {
| vector signed int v1,v2;
| union { vector signed int v; int32_t x[4]; } v3;
| v1   = vec_splat_s32(6);
| v2   = vec_splat_s32(12);
| v3.v = vec_add(v1,v2);
| return (int) v3.x[0];}
| int main(void) { if (stub_vmx() != 18) return 1; else return 0; }
| 
configure:5278: gcc -o conftest -O3 -maltivec   conftest.c  >&5
gcc: error: unrecognized command line option '-maltivec'; did you mean '-mglibc'?
configure:5278: $? = 1
configure: failed program was:
| /* confdefs.h */
| #define PACKAGE_NAME "HMMER"
| #define PACKAGE_TARNAME "hmmer"
| #define PACKAGE_VERSION "3.2"
| #define PACKAGE_STRING "HMMER 3.2"
| #define PACKAGE_BUGREPORT "sean@eddylab.org"
| #define PACKAGE_URL ""
| #define HMMER_DATE "June 2018"
| #define HMMER_COPYRIGHT "Copyright (C) 2018 Howard Hughes Medical Institute."
| #define HMMER_LICENSE "Freely distributed under the BSD open source license."
| #define HMMER_VERSION "3.2"
| #define HMMER_URL "http://hmmer.org/"
| #define EASEL_DATE "June 2018"
| #define EASEL_COPYRIGHT "Copyright (C) 2018 Howard Hughes Medical Institute."
| #define EASEL_LICENSE "Freely distributed under the BSD open source license."
| #define EASEL_VERSION "0.44"
| #define eslDEBUGLEVEL 0
| #define HAVE_PTHREAD_PRIO_INHERIT 1
| #define HAVE_PTHREAD 1
| #define HMMER_THREADS 1
| /* end confdefs.h.  */
| 
| #include <altivec.h>
| #include <stdint.h>
| int stub_vmx(void) {
| vector signed int v1,v2;
| union { vector signed int v; int32_t x[4]; } v3;
| v1   = vec_splat_s32(6);
| v2   = vec_splat_s32(12);
| v3.v = vec_add(v1,v2);
| return (int) v3.x[0];}
| int main(void) { if (stub_vmx() != 18) return 1; else return 0; }
| 
configure:5278: gcc -o conftest -O3 -faltivec   conftest.c  >&5
gcc: error: unrecognized command line option '-faltivec'
configure:5278: $? = 1
configure: failed program was:
| /* confdefs.h */
| #define PACKAGE_NAME "HMMER"
| #define PACKAGE_TARNAME "hmmer"
| #define PACKAGE_VERSION "3.2"
| #define PACKAGE_STRING "HMMER 3.2"
| #define PACKAGE_BUGREPORT "sean@eddylab.org"
| #define PACKAGE_URL ""
| #define HMMER_DATE "June 2018"
| #define HMMER_COPYRIGHT "Copyright (C) 2018 Howard Hughes Medical Institute."
| #define HMMER_LICENSE "Freely distributed under the BSD open source license."
| #define HMMER_VERSION "3.2"
| #define HMMER_URL "http://hmmer.org/"
| #define EASEL_DATE "June 2018"
| #define EASEL_COPYRIGHT "Copyright (C) 2018 Howard Hughes Medical Institute."
| #define EASEL_LICENSE "Freely distributed under the BSD open source license."
| #define EASEL_VERSION "0.44"
| #define eslDEBUGLEVEL 0
| #define HAVE_PTHREAD_PRIO_INHERIT 1
| #define HAVE_PTHREAD 1
| #define HMMER_THREADS 1
| /* end confdefs.h.  */
| 
| #include <altivec.h>
| #include <stdint.h>
| int stub_vmx(void) {
| vector signed int v1,v2;
| union { vector signed int v; int32_t x[4]; } v3;
| v1   = vec_splat_s32(6);
| v2   = vec_splat_s32(12);
| v3.v = vec_add(v1,v2);
| return (int) v3.x[0];}
| int main(void) { if (stub_vmx() != 18) return 1; else return 0; }
| 
configure:5287: result: no
configure:5329: checking whether gcc can compile our SSE code
configure:5361: gcc -o conftest -O3   conftest.c  >&5
configure:5361: $? = 0
configure:5375: result: yes
configure:5412: Activating Intel/AMD SSE vector DP implementation
configure:5444: checking whether _MM_SET_FLUSH_ZERO_MODE is supported
configure:5460: gcc -c -O3   conftest.c >&5
configure:5460: $? = 0
configure:5461: result: yes
configure:5477: checking compiler support --start-group
configure:5492: gcc -o conftest -O3  -Wl,--start-group -Wl,--end-group  conftest.c  >&5
configure:5492: $? = 0
configure:5493: result: yes
configure:5514: checking for gzip
configure:5532: found /bin/gzip
configure:5545: result: /bin/gzip
configure:5625: checking for library containing clock_gettime
configure:5656: gcc -o conftest -O3   conftest.c  >&5
configure:5656: $? = 0
configure:5673: result: none required
configure:5688: checking for ANSI C header files
configure:5708: gcc -c -O3  conftest.c >&5
configure:5708: $? = 0
configure:5781: gcc -o conftest -O3   conftest.c  >&5
configure:5781: $? = 0
configure:5781: ./conftest
configure:5781: $? = 0
configure:5792: result: yes
configure:5805: checking for sys/types.h
configure:5805: gcc -c -O3  conftest.c >&5
configure:5805: $? = 0
configure:5805: result: yes
configure:5805: checking for sys/stat.h
configure:5805: gcc -c -O3  conftest.c >&5
configure:5805: $? = 0
configure:5805: result: yes
configure:5805: checking for stdlib.h
configure:5805: gcc -c -O3  conftest.c >&5
configure:5805: $? = 0
configure:5805: result: yes
configure:5805: checking for string.h
configure:5805: gcc -c -O3  conftest.c >&5
configure:5805: $? = 0
configure:5805: result: yes
configure:5805: checking for memory.h
configure:5805: gcc -c -O3  conftest.c >&5
configure:5805: $? = 0
configure:5805: result: yes
configure:5805: checking for strings.h
configure:5805: gcc -c -O3  conftest.c >&5
configure:5805: $? = 0
configure:5805: result: yes
configure:5805: checking for inttypes.h
configure:5805: gcc -c -O3  conftest.c >&5
configure:5805: $? = 0
configure:5805: result: yes
configure:5805: checking for stdint.h
configure:5805: gcc -c -O3  conftest.c >&5
configure:5805: $? = 0
configure:5805: result: yes
configure:5805: checking for unistd.h
configure:5805: gcc -c -O3  conftest.c >&5
configure:5805: $? = 0
configure:5805: result: yes
configure:5827: checking endian.h usability
configure:5827: gcc -c -O3  conftest.c >&5
configure:5827: $? = 0
configure:5827: result: yes
configure:5827: checking endian.h presence
configure:5827: gcc -E  conftest.c
configure:5827: $? = 0
configure:5827: result: yes
configure:5827: checking for endian.h
configure:5827: result: yes
configure:5827: checking for inttypes.h
configure:5827: result: yes
configure:5827: checking for stdint.h
configure:5827: result: yes
configure:5827: checking for unistd.h
configure:5827: result: yes
configure:5827: checking for sys/types.h
configure:5827: result: yes
configure:5827: checking netinet/in.h usability
configure:5827: gcc -c -O3  conftest.c >&5
configure:5827: $? = 0
configure:5827: result: yes
configure:5827: checking netinet/in.h presence
configure:5827: gcc -E  conftest.c
configure:5827: $? = 0
configure:5827: result: yes
configure:5827: checking for netinet/in.h
configure:5827: result: yes
configure:5843: checking sys/param.h usability
configure:5843: gcc -c -O3  conftest.c >&5
configure:5843: $? = 0
configure:5843: result: yes
configure:5843: checking sys/param.h presence
configure:5843: gcc -E  conftest.c
configure:5843: $? = 0
configure:5843: result: yes
configure:5843: checking for sys/param.h
configure:5843: result: yes
configure:5855: checking for sys/sysctl.h
configure:5855: gcc -c -O3  conftest.c >&5
configure:5855: $? = 0
configure:5855: result: yes
configure:5897: checking whether byte ordering is bigendian
configure:5912: gcc -c -O3  conftest.c >&5
conftest.c:44:9: error: unknown type name 'not'
         not a universal capable compiler
         ^~~
conftest.c:44:15: error: expected '=', ',', ';', 'asm' or '__attribute__' before 'universal'
         not a universal capable compiler
               ^~~~~~~~~
conftest.c:44:15: error: unknown type name 'universal'
configure:5912: $? = 1
configure: failed program was:
| /* confdefs.h */
| #define PACKAGE_NAME "HMMER"
| #define PACKAGE_TARNAME "hmmer"
| #define PACKAGE_VERSION "3.2"
| #define PACKAGE_STRING "HMMER 3.2"
| #define PACKAGE_BUGREPORT "sean@eddylab.org"
| #define PACKAGE_URL ""
| #define HMMER_DATE "June 2018"
| #define HMMER_COPYRIGHT "Copyright (C) 2018 Howard Hughes Medical Institute."
| #define HMMER_LICENSE "Freely distributed under the BSD open source license."
| #define HMMER_VERSION "3.2"
| #define HMMER_URL "http://hmmer.org/"
| #define EASEL_DATE "June 2018"
| #define EASEL_COPYRIGHT "Copyright (C) 2018 Howard Hughes Medical Institute."
| #define EASEL_LICENSE "Freely distributed under the BSD open source license."
| #define EASEL_VERSION "0.44"
| #define eslDEBUGLEVEL 0
| #define HAVE_PTHREAD_PRIO_INHERIT 1
| #define HAVE_PTHREAD 1
| #define HMMER_THREADS 1
| #define eslENABLE_SSE 1
| #define HAVE_FLUSH_ZERO_MODE 1
| #define HAVE_GZIP 1
| #define STDC_HEADERS 1
| #define HAVE_SYS_TYPES_H 1
| #define HAVE_SYS_STAT_H 1
| #define HAVE_STDLIB_H 1
| #define HAVE_STRING_H 1
| #define HAVE_MEMORY_H 1
| #define HAVE_STRINGS_H 1
| #define HAVE_INTTYPES_H 1
| #define HAVE_STDINT_H 1
| #define HAVE_UNISTD_H 1
| #define HAVE_ENDIAN_H 1
| #define HAVE_INTTYPES_H 1
| #define HAVE_STDINT_H 1
| #define HAVE_UNISTD_H 1
| #define HAVE_SYS_TYPES_H 1
| #define HAVE_NETINET_IN_H 1
| #define HAVE_SYS_PARAM_H 1
| #define HAVE_SYS_SYSCTL_H 1
| /* end confdefs.h.  */
| #ifndef __APPLE_CC__
| 	       not a universal capable compiler
| 	     #endif
| 	     typedef int dummy;
| 
configure:5957: gcc -c -O3  conftest.c >&5
configure:5957: $? = 0
configure:5975: gcc -c -O3  conftest.c >&5
conftest.c: In function 'main':
conftest.c:50:4: error: unknown type name 'not'; did you mean 'ino_t'?
    not big endian
    ^~~
    ino_t
conftest.c:50:12: error: expected '=', ',', ';', 'asm' or '__attribute__' before 'endian'
    not big endian
            ^~~~~~
configure:5975: $? = 1
configure: failed program was:
| /* confdefs.h */
| #define PACKAGE_NAME "HMMER"
| #define PACKAGE_TARNAME "hmmer"
| #define PACKAGE_VERSION "3.2"
| #define PACKAGE_STRING "HMMER 3.2"
| #define PACKAGE_BUGREPORT "sean@eddylab.org"
| #define PACKAGE_URL ""
| #define HMMER_DATE "June 2018"
| #define HMMER_COPYRIGHT "Copyright (C) 2018 Howard Hughes Medical Institute."
| #define HMMER_LICENSE "Freely distributed under the BSD open source license."
| #define HMMER_VERSION "3.2"
| #define HMMER_URL "http://hmmer.org/"
| #define EASEL_DATE "June 2018"
| #define EASEL_COPYRIGHT "Copyright (C) 2018 Howard Hughes Medical Institute."
| #define EASEL_LICENSE "Freely distributed under the BSD open source license."
| #define EASEL_VERSION "0.44"
| #define eslDEBUGLEVEL 0
| #define HAVE_PTHREAD_PRIO_INHERIT 1
| #define HAVE_PTHREAD 1
| #define HMMER_THREADS 1
| #define eslENABLE_SSE 1
| #define HAVE_FLUSH_ZERO_MODE 1
| #define HAVE_GZIP 1
| #define STDC_HEADERS 1
| #define HAVE_SYS_TYPES_H 1
| #define HAVE_SYS_STAT_H 1
| #define HAVE_STDLIB_H 1
| #define HAVE_STRING_H 1
| #define HAVE_MEMORY_H 1
| #define HAVE_STRINGS_H 1
| #define HAVE_INTTYPES_H 1
| #define HAVE_STDINT_H 1
| #define HAVE_UNISTD_H 1
| #define HAVE_ENDIAN_H 1
| #define HAVE_INTTYPES_H 1
| #define HAVE_STDINT_H 1
| #define HAVE_UNISTD_H 1
| #define HAVE_SYS_TYPES_H 1
| #define HAVE_NETINET_IN_H 1
| #define HAVE_SYS_PARAM_H 1
| #define HAVE_SYS_SYSCTL_H 1
| /* end confdefs.h.  */
| #include <sys/types.h>
| 		#include <sys/param.h>
| 
| int
| main ()
| {
| #if BYTE_ORDER != BIG_ENDIAN
| 		 not big endian
| 		#endif
| 
|   ;
|   return 0;
| }
configure:6103: result: no
configure:6121: checking for uint8_t
configure:6121: gcc -c -O3  conftest.c >&5
configure:6121: $? = 0
configure:6121: result: yes
configure:6135: checking for uint16_t
configure:6135: gcc -c -O3  conftest.c >&5
configure:6135: $? = 0
configure:6135: result: yes
configure:6147: checking for uint32_t
configure:6147: gcc -c -O3  conftest.c >&5
configure:6147: $? = 0
configure:6147: result: yes
configure:6161: checking for uint64_t
configure:6161: gcc -c -O3  conftest.c >&5
configure:6161: $? = 0
configure:6161: result: yes
configure:6175: checking for off_t
configure:6175: gcc -c -O3  conftest.c >&5
configure:6175: $? = 0
configure:6175: gcc -c -O3  conftest.c >&5
conftest.c: In function 'main':
conftest.c:79:20: error: expected expression before ')' token
 if (sizeof ((off_t)))
                    ^
configure:6175: $? = 1
configure: failed program was:
| /* confdefs.h */
| #define PACKAGE_NAME "HMMER"
| #define PACKAGE_TARNAME "hmmer"
| #define PACKAGE_VERSION "3.2"
| #define PACKAGE_STRING "HMMER 3.2"
| #define PACKAGE_BUGREPORT "sean@eddylab.org"
| #define PACKAGE_URL ""
| #define HMMER_DATE "June 2018"
| #define HMMER_COPYRIGHT "Copyright (C) 2018 Howard Hughes Medical Institute."
| #define HMMER_LICENSE "Freely distributed under the BSD open source license."
| #define HMMER_VERSION "3.2"
| #define HMMER_URL "http://hmmer.org/"
| #define EASEL_DATE "June 2018"
| #define EASEL_COPYRIGHT "Copyright (C) 2018 Howard Hughes Medical Institute."
| #define EASEL_LICENSE "Freely distributed under the BSD open source license."
| #define EASEL_VERSION "0.44"
| #define eslDEBUGLEVEL 0
| #define HAVE_PTHREAD_PRIO_INHERIT 1
| #define HAVE_PTHREAD 1
| #define HMMER_THREADS 1
| #define eslENABLE_SSE 1
| #define HAVE_FLUSH_ZERO_MODE 1
| #define HAVE_GZIP 1
| #define STDC_HEADERS 1
| #define HAVE_SYS_TYPES_H 1
| #define HAVE_SYS_STAT_H 1
| #define HAVE_STDLIB_H 1
| #define HAVE_STRING_H 1
| #define HAVE_MEMORY_H 1
| #define HAVE_STRINGS_H 1
| #define HAVE_INTTYPES_H 1
| #define HAVE_STDINT_H 1
| #define HAVE_UNISTD_H 1
| #define HAVE_ENDIAN_H 1
| #define HAVE_INTTYPES_H 1
| #define HAVE_STDINT_H 1
| #define HAVE_UNISTD_H 1
| #define HAVE_SYS_TYPES_H 1
| #define HAVE_NETINET_IN_H 1
| #define HAVE_SYS_PARAM_H 1
| #define HAVE_SYS_SYSCTL_H 1
| /* end confdefs.h.  */
| #include <stdio.h>
| #ifdef HAVE_SYS_TYPES_H
| # include <sys/types.h>
| #endif
| #ifdef HAVE_SYS_STAT_H
| # include <sys/stat.h>
| #endif
| #ifdef STDC_HEADERS
| # include <stdlib.h>
| # include <stddef.h>
| #else
| # ifdef HAVE_STDLIB_H
| #  include <stdlib.h>
| # endif
| #endif
| #ifdef HAVE_STRING_H
| # if !defined STDC_HEADERS && defined HAVE_MEMORY_H
| #  include <memory.h>
| # endif
| # include <string.h>
| #endif
| #ifdef HAVE_STRINGS_H
| # include <strings.h>
| #endif
| #ifdef HAVE_INTTYPES_H
| # include <inttypes.h>
| #endif
| #ifdef HAVE_STDINT_H
| # include <stdint.h>
| #endif
| #ifdef HAVE_UNISTD_H
| # include <unistd.h>
| #endif
| int
| main ()
| {
| if (sizeof ((off_t)))
| 	    return 0;
|   ;
|   return 0;
| }
configure:6175: result: yes
configure:6211: checking for __attribute__((noreturn))
configure:6232: gcc -o conftest -O3   conftest.c  >&5
configure:6232: $? = 0
configure:6245: result: yes
configure:6277: checking for __attribute__((format))
configure:6298: gcc -o conftest -O3   conftest.c  >&5
configure:6298: $? = 0
configure:6311: result: yes
configure:6333: checking for mkstemp
configure:6333: gcc -o conftest -O3   conftest.c  >&5
configure:6333: $? = 0
configure:6333: result: yes
configure:6344: checking for popen
configure:6344: gcc -o conftest -O3   conftest.c  >&5
configure:6344: $? = 0
configure:6344: result: yes
configure:6355: checking for putenv
configure:6355: gcc -o conftest -O3   conftest.c  >&5
configure:6355: $? = 0
configure:6355: result: yes
configure:6366: checking for strcasecmp
configure:6366: gcc -o conftest -O3   conftest.c  >&5
conftest.c:71:6: warning: conflicting types for built-in function 'strcasecmp' [-Wbuiltin-declaration-mismatch]
 char strcasecmp ();
      ^~~~~~~~~~
configure:6366: $? = 0
configure:6366: result: yes
configure:6377: checking for strsep
configure:6377: gcc -o conftest -O3   conftest.c  >&5
configure:6377: $? = 0
configure:6377: result: yes
configure:6388: checking for times
configure:6388: gcc -o conftest -O3   conftest.c  >&5
configure:6388: $? = 0
configure:6388: result: yes
configure:6399: checking for getpid
configure:6399: gcc -o conftest -O3   conftest.c  >&5
configure:6399: $? = 0
configure:6399: result: yes
configure:6410: checking for sysctl
configure:6410: gcc -o conftest -O3   conftest.c  >&5
configure:6410: $? = 0
configure:6410: result: yes
configure:6421: checking for sysconf
configure:6421: gcc -o conftest -O3   conftest.c  >&5
configure:6421: $? = 0
configure:6421: result: yes
configure:6432: checking for getcwd
configure:6432: gcc -o conftest -O3   conftest.c  >&5
configure:6432: $? = 0
configure:6432: result: yes
configure:6443: checking for chmod
configure:6443: gcc -o conftest -O3   conftest.c  >&5
configure:6443: $? = 0
configure:6443: result: yes
configure:6454: checking for stat
configure:6454: gcc -o conftest -O3   conftest.c  >&5
configure:6454: $? = 0
configure:6454: result: yes
configure:6465: checking for fstat
configure:6465: gcc -o conftest -O3   conftest.c  >&5
configure:6465: $? = 0
configure:6465: result: yes
configure:6476: checking for erfc
configure:6476: gcc -o conftest -O3   conftest.c  >&5
conftest.c:81:6: warning: conflicting types for built-in function 'erfc' [-Wbuiltin-declaration-mismatch]
 char erfc ();
      ^~~~
/tmp/ccyrRKod.o: In function `main':
conftest.c:(.text.startup+0x7): undefined reference to `erfc'
collect2: error: ld returned 1 exit status
configure:6476: $? = 1
configure: failed program was:
| /* confdefs.h */
| #define PACKAGE_NAME "HMMER"
| #define PACKAGE_TARNAME "hmmer"
| #define PACKAGE_VERSION "3.2"
| #define PACKAGE_STRING "HMMER 3.2"
| #define PACKAGE_BUGREPORT "sean@eddylab.org"
| #define PACKAGE_URL ""
| #define HMMER_DATE "June 2018"
| #define HMMER_COPYRIGHT "Copyright (C) 2018 Howard Hughes Medical Institute."
| #define HMMER_LICENSE "Freely distributed under the BSD open source license."
| #define HMMER_VERSION "3.2"
| #define HMMER_URL "http://hmmer.org/"
| #define EASEL_DATE "June 2018"
| #define EASEL_COPYRIGHT "Copyright (C) 2018 Howard Hughes Medical Institute."
| #define EASEL_LICENSE "Freely distributed under the BSD open source license."
| #define EASEL_VERSION "0.44"
| #define eslDEBUGLEVEL 0
| #define HAVE_PTHREAD_PRIO_INHERIT 1
| #define HAVE_PTHREAD 1
| #define HMMER_THREADS 1
| #define eslENABLE_SSE 1
| #define HAVE_FLUSH_ZERO_MODE 1
| #define HAVE_GZIP 1
| #define STDC_HEADERS 1
| #define HAVE_SYS_TYPES_H 1
| #define HAVE_SYS_STAT_H 1
| #define HAVE_STDLIB_H 1
| #define HAVE_STRING_H 1
| #define HAVE_MEMORY_H 1
| #define HAVE_STRINGS_H 1
| #define HAVE_INTTYPES_H 1
| #define HAVE_STDINT_H 1
| #define HAVE_UNISTD_H 1
| #define HAVE_ENDIAN_H 1
| #define HAVE_INTTYPES_H 1
| #define HAVE_STDINT_H 1
| #define HAVE_UNISTD_H 1
| #define HAVE_SYS_TYPES_H 1
| #define HAVE_NETINET_IN_H 1
| #define HAVE_SYS_PARAM_H 1
| #define HAVE_SYS_SYSCTL_H 1
| #define HAVE_FUNC_ATTRIBUTE_NORETURN 1
| #define HAVE_FUNC_ATTRIBUTE_FORMAT 1
| #define HAVE_MKSTEMP 1
| #define HAVE_POPEN 1
| #define HAVE_PUTENV 1
| #define HAVE_STRCASECMP 1
| #define HAVE_STRSEP 1
| #define HAVE_TIMES 1
| #define HAVE_GETPID 1
| #define HAVE_SYSCTL 1
| #define HAVE_SYSCONF 1
| #define HAVE_GETCWD 1
| #define HAVE_CHMOD 1
| #define HAVE_STAT 1
| #define HAVE_FSTAT 1
| /* end confdefs.h.  */
| /* Define erfc to an innocuous variant, in case <limits.h> declares erfc.
|    For example, HP-UX 11i <limits.h> declares gettimeofday.  */
| #define erfc innocuous_erfc
| 
| /* System header to define __stub macros and hopefully few prototypes,
|     which can conflict with char erfc (); below.
|     Prefer <limits.h> to <assert.h> if __STDC__ is defined, since
|     <limits.h> exists even on freestanding compilers.  */
| 
| #ifdef __STDC__
| # include <limits.h>
| #else
| # include <assert.h>
| #endif
| 
| #undef erfc
| 
| /* Override any GCC internal prototype to avoid an error.
|    Use char because int might match the return type of a GCC
|    builtin and then its argument prototype would still apply.  */
| #ifdef __cplusplus
| extern "C"
| #endif
| char erfc ();
| /* The GNU C library defines this for functions which it implements
|     to always fail with ENOSYS.  Some functions are actually named
|     something starting with __ and the normal name is an alias.  */
| #if defined __stub_erfc || defined __stub___erfc
| choke me
| #endif
| 
| int
| main ()
| {
| return erfc ();
|   ;
|   return 0;
| }
configure:6476: result: no
configure:6486: checking for library containing ntohs
configure:6517: gcc -o conftest -O3   conftest.c  >&5
configure:6517: $? = 0
configure:6534: result: none required
configure:6542: checking for library containing ntohl
configure:6573: gcc -o conftest -O3   conftest.c  >&5
configure:6573: $? = 0
configure:6590: result: none required
configure:6598: checking for library containing htons
configure:6629: gcc -o conftest -O3   conftest.c  >&5
configure:6629: $? = 0
configure:6646: result: none required
configure:6654: checking for library containing htonl
configure:6685: gcc -o conftest -O3   conftest.c  >&5
configure:6685: $? = 0
configure:6702: result: none required
configure:6710: checking for library containing socket
configure:6741: gcc -o conftest -O3   conftest.c  >&5
configure:6741: $? = 0
configure:6758: result: none required
configure:6766: checking for library containing inet_pton
configure:6797: gcc -o conftest -O3   conftest.c  >&5
configure:6797: $? = 0
configure:6814: result: none required
configure:6823: checking for _LARGEFILE_SOURCE value needed for large files
configure:6842: gcc -o conftest -O3   conftest.c  >&5
configure:6842: $? = 0
configure:6870: result: no
configure:6903: checking for special C compiler options needed for large files
configure:6948: result: no
configure:6954: checking for _FILE_OFFSET_BITS value needed for large files
configure:6979: gcc -c -O3  conftest.c >&5
configure:6979: $? = 0
configure:7011: result: no
configure:7261: creating ./config.status

## ---------------------- ##
## Running config.status. ##
## ---------------------- ##

This file was extended by HMMER config.status 3.2, which was
generated by GNU Autoconf 2.69.  Invocation command line was

  CONFIG_FILES    = 
  CONFIG_HEADERS  = 
  CONFIG_LINKS    = 
  CONFIG_COMMANDS = 
  $ ./config.status 

on OptiPlex-3050

config.status:948: creating Makefile
config.status:948: creating src/Makefile
config.status:948: creating testsuite/Makefile
config.status:948: creating profmark/Makefile
config.status:948: creating src/impl_sse/Makefile
config.status:948: creating documentation/Makefile
config.status:948: creating documentation/man/Makefile
config.status:948: creating documentation/userguide/Makefile
config.status:948: creating libdivsufsort/Makefile
config.status:948: creating easel/Makefile
config.status:948: creating easel/miniapps/Makefile
config.status:948: creating easel/testsuite/Makefile
config.status:948: creating easel/documentation/Makefile
config.status:948: creating documentation/userguide/titlepage.tex
config.status:948: creating documentation/userguide/copyright.tex
config.status:948: creating documentation/man/alimask.man
config.status:948: creating documentation/man/hmmalign.man
config.status:948: creating documentation/man/hmmbuild.man
config.status:948: creating documentation/man/hmmconvert.man
config.status:948: creating documentation/man/hmmemit.man
config.status:948: creating documentation/man/hmmer.man
config.status:948: creating documentation/man/hmmfetch.man
config.status:948: creating documentation/man/hmmlogo.man
config.status:948: creating documentation/man/hmmpgmd.man
config.status:948: creating documentation/man/hmmpress.man
config.status:948: creating documentation/man/hmmscan.man
config.status:948: creating documentation/man/hmmsearch.man
config.status:948: creating documentation/man/hmmsim.man
config.status:948: creating documentation/man/hmmstat.man
config.status:948: creating documentation/man/jackhmmer.man
config.status:948: creating documentation/man/makehmmerdb.man
config.status:948: creating documentation/man/nhmmer.man
config.status:948: creating documentation/man/nhmmscan.man
config.status:948: creating documentation/man/phmmer.man
config.status:948: creating easel/miniapps/esl-afetch.man
config.status:948: creating easel/miniapps/esl-alimanip.man
config.status:948: creating easel/miniapps/esl-alimap.man
config.status:948: creating easel/miniapps/esl-alimask.man
config.status:948: creating easel/miniapps/esl-alimerge.man
config.status:948: creating easel/miniapps/esl-alipid.man
config.status:948: creating easel/miniapps/esl-alirev.man
config.status:948: creating easel/miniapps/esl-alistat.man
config.status:948: creating easel/miniapps/esl-compalign.man
config.status:948: creating easel/miniapps/esl-compstruct.man
config.status:948: creating easel/miniapps/esl-construct.man
config.status:948: creating easel/miniapps/esl-histplot.man
config.status:948: creating easel/miniapps/esl-mask.man
config.status:948: creating easel/miniapps/esl-reformat.man
config.status:948: creating easel/miniapps/esl-selectn.man
config.status:948: creating easel/miniapps/esl-seqrange.man
config.status:948: creating easel/miniapps/esl-seqstat.man
config.status:948: creating easel/miniapps/esl-sfetch.man
config.status:948: creating easel/miniapps/esl-shuffle.man
config.status:948: creating easel/miniapps/esl-ssdraw.man
config.status:948: creating easel/miniapps/esl-translate.man
config.status:948: creating easel/miniapps/esl-weight.man
config.status:948: creating easel/decoy_config.h
config.status:1123: easel/decoy_config.h is unchanged
config.status:948: creating src/p7_config.h
config.status:948: creating easel/esl_config.h
config.status:948: creating libdivsufsort/divsufsort.h
config.status:1123: libdivsufsort/divsufsort.h is unchanged
config.status:1149: linking src/impl_sse to src/impl

## ---------------- ##
## Cache variables. ##
## ---------------- ##

ac_cv_build=x86_64-pc-linux-gnu
ac_cv_c_bigendian=no
ac_cv_c_compiler_gnu=yes
ac_cv_c_uint16_t=yes
ac_cv_c_uint32_t=yes
ac_cv_c_uint64_t=yes
ac_cv_c_uint8_t=yes
ac_cv_env_CC_set=
ac_cv_env_CC_value=
ac_cv_env_CFLAGS_set=
ac_cv_env_CFLAGS_value=
ac_cv_env_CPPFLAGS_set=
ac_cv_env_CPPFLAGS_value=
ac_cv_env_CPP_set=
ac_cv_env_CPP_value=
ac_cv_env_LDFLAGS_set=
ac_cv_env_LDFLAGS_value=
ac_cv_env_LIBS_set=
ac_cv_env_LIBS_value=
ac_cv_env_MPICC_set=
ac_cv_env_MPICC_value=
ac_cv_env_build_alias_set=
ac_cv_env_build_alias_value=
ac_cv_env_host_alias_set=
ac_cv_env_host_alias_value=
ac_cv_env_target_alias_set=
ac_cv_env_target_alias_value=
ac_cv_func_chmod=yes
ac_cv_func_erfc=no
ac_cv_func_fstat=yes
ac_cv_func_getcwd=yes
ac_cv_func_getpid=yes
ac_cv_func_mkstemp=yes
ac_cv_func_popen=yes
ac_cv_func_putenv=yes
ac_cv_func_stat=yes
ac_cv_func_strcasecmp=yes
ac_cv_func_strsep=yes
ac_cv_func_sysconf=yes
ac_cv_func_sysctl=yes
ac_cv_func_times=yes
ac_cv_header_endian_h=yes
ac_cv_header_inttypes_h=yes
ac_cv_header_memory_h=yes
ac_cv_header_netinet_in_h=yes
ac_cv_header_stdc=yes
ac_cv_header_stdint_h=yes
ac_cv_header_stdlib_h=yes
ac_cv_header_string_h=yes
ac_cv_header_strings_h=yes
ac_cv_header_sys_param_h=yes
ac_cv_header_sys_stat_h=yes
ac_cv_header_sys_sysctl_h=yes
ac_cv_header_sys_types_h=yes
ac_cv_header_unistd_h=yes
ac_cv_host=x86_64-pc-linux-gnu
ac_cv_objext=o
ac_cv_path_AR=/usr/bin/ar
ac_cv_path_EGREP='/bin/grep -E'
ac_cv_path_GREP=/bin/grep
ac_cv_path_HAVE_GZIP=/bin/gzip
ac_cv_path_SED=/bin/sed
ac_cv_path_install='/usr/bin/install -c'
ac_cv_prog_CPP='gcc -E'
ac_cv_prog_ac_ct_CC=gcc
ac_cv_prog_ac_ct_RANLIB=ranlib
ac_cv_prog_cc_c89=
ac_cv_prog_cc_c99=
ac_cv_prog_cc_g=yes
ac_cv_prog_cc_stdc=
ac_cv_search_clock_gettime='none required'
ac_cv_search_htonl='none required'
ac_cv_search_htons='none required'
ac_cv_search_inet_pton='none required'
ac_cv_search_ntohl='none required'
ac_cv_search_ntohs='none required'
ac_cv_search_socket='none required'
ac_cv_sys_file_offset_bits=no
ac_cv_sys_largefile_CC=no
ac_cv_sys_largefile_source=no
ac_cv_type_off_t=yes
ax_cv_PTHREAD_CLANG=no
ax_cv_PTHREAD_JOINABLE_ATTR=PTHREAD_CREATE_JOINABLE
ax_cv_PTHREAD_PRIO_INHERIT=yes
ax_cv_PTHREAD_SPECIAL_FLAGS=no
ax_cv_c_compiler_vendor=gnu
ax_cv_have_func_attribute_format=yes
ax_cv_have_func_attribute_noreturn=yes

## ----------------- ##
## Output variables. ##
## ----------------- ##

AR='/usr/bin/ar'
AVX512_CFLAGS=''
AVX_CFLAGS=''
CC='gcc'
CFLAGS='-O3'
CPP='gcc -E'
CPPFLAGS=''
DEFS='-DHAVE_CONFIG_H'
EASEL_COPYRIGHT='Copyright (C) 2018 Howard Hughes Medical Institute.'
EASEL_DATE='June 2018'
EASEL_LICENSE='Freely distributed under the BSD open source license.'
EASEL_URL='http://bioeasel.org/'
EASEL_VERSION='0.44'
ECHO_C=''
ECHO_N='-n'
ECHO_T=''
EGREP='/bin/grep -E'
EXEEXT=''
GREP='/bin/grep'
GROUPHMMERLIBS='-Wl,--start-group -lhmmer -lhmmerimpl -Wl,--end-group'
HAVE_GZIP='/bin/gzip'
HMMERIMPLLIB='impl_sse/libhmmerimpl.a'
HMMER_COPYRIGHT='Copyright (C) 2018 Howard Hughes Medical Institute.'
HMMER_DATE='June 2018'
HMMER_ESLDIR='easel'
HMMER_LICENSE='Freely distributed under the BSD open source license.'
HMMER_SADIR='libdivsufsort'
HMMER_URL='http://hmmer.org/'
HMMER_VERSION='3.2'
IMPL_CHOICE='sse'
INSTALL_DATA='${INSTALL} -m 644'
INSTALL_PROGRAM='${INSTALL}'
INSTALL_SCRIPT='${INSTALL}'
LDFLAGS=''
LIBGSL=''
LIBOBJS=''
LIBS=''
LN_S='ln -s'
LTLIBOBJS=''
MPICC=''
MPILIBS=''
MPI_BENCHMARKS=''
MPI_UTESTS=''
NEON_CFLAGS=''
OBJEXT='o'
PACKAGE_BUGREPORT='sean@eddylab.org'
PACKAGE_NAME='HMMER'
PACKAGE_STRING='HMMER 3.2'
PACKAGE_TARNAME='hmmer'
PACKAGE_URL=''
PACKAGE_VERSION='3.2'
PATH_SEPARATOR=':'
PTHREAD_CC='gcc'
PTHREAD_CFLAGS='-pthread'
PTHREAD_LIBS=''
RANLIB='ranlib'
SED='/bin/sed'
SHELL='/bin/bash'
SSE4_CFLAGS=''
SSE_CFLAGS=''
VMX_CFLAGS=''
ac_ct_CC='gcc'
ax_pthread_config=''
bindir='${exec_prefix}/bin'
build='x86_64-pc-linux-gnu'
build_alias=''
build_cpu='x86_64'
build_os='linux-gnu'
build_vendor='pc'
datadir='${datarootdir}'
datarootdir='${prefix}/share'
docdir='${datarootdir}/doc/${PACKAGE_TARNAME}'
dvidir='${docdir}'
exec_prefix='${prefix}'
host='x86_64-pc-linux-gnu'
host_alias=''
host_cpu='x86_64'
host_os='linux-gnu'
host_vendor='pc'
htmldir='${docdir}'
includedir='${prefix}/include'
infodir='${datarootdir}/info'
libdir='${exec_prefix}/lib'
libexecdir='${exec_prefix}/libexec'
localedir='${datarootdir}/locale'
localstatedir='${prefix}/var'
mandir='${datarootdir}/man'
oldincludedir='/usr/include'
pdfdir='${docdir}'
prefix='/usr/local'
program_transform_name='s,x,x,'
psdir='${docdir}'
sbindir='${exec_prefix}/sbin'
sharedstatedir='${prefix}/com'
sysconfdir='${prefix}/etc'
target_alias=''

## ----------- ##
## confdefs.h. ##
## ----------- ##

/* confdefs.h */
#define PACKAGE_NAME "HMMER"
#define PACKAGE_TARNAME "hmmer"
#define PACKAGE_VERSION "3.2"
#define PACKAGE_STRING "HMMER 3.2"
#define PACKAGE_BUGREPORT "sean@eddylab.org"
#define PACKAGE_URL ""
#define HMMER_DATE "June 2018"
#define HMMER_COPYRIGHT "Copyright (C) 2018 Howard Hughes Medical Institute."
#define HMMER_LICENSE "Freely distributed under the BSD open source license."
#define HMMER_VERSION "3.2"
#define HMMER_URL "http://hmmer.org/"
#define EASEL_DATE "June 2018"
#define EASEL_COPYRIGHT "Copyright (C) 2018 Howard Hughes Medical Institute."
#define EASEL_LICENSE "Freely distributed under the BSD open source license."
#define EASEL_VERSION "0.44"
#define eslDEBUGLEVEL 0
#define HAVE_PTHREAD_PRIO_INHERIT 1
#define HAVE_PTHREAD 1
#define HMMER_THREADS 1
#define eslENABLE_SSE 1
#define HAVE_FLUSH_ZERO_MODE 1
#define HAVE_GZIP 1
#define STDC_HEADERS 1
#define HAVE_SYS_TYPES_H 1
#define HAVE_SYS_STAT_H 1
#define HAVE_STDLIB_H 1
#define HAVE_STRING_H 1
#define HAVE_MEMORY_H 1
#define HAVE_STRINGS_H 1
#define HAVE_INTTYPES_H 1
#define HAVE_STDINT_H 1
#define HAVE_UNISTD_H 1
#define HAVE_ENDIAN_H 1
#define HAVE_INTTYPES_H 1
#define HAVE_STDINT_H 1
#define HAVE_UNISTD_H 1
#define HAVE_SYS_TYPES_H 1
#define HAVE_NETINET_IN_H 1
#define HAVE_SYS_PARAM_H 1
#define HAVE_SYS_SYSCTL_H 1
#define HAVE_FUNC_ATTRIBUTE_NORETURN 1
#define HAVE_FUNC_ATTRIBUTE_FORMAT 1
#define HAVE_MKSTEMP 1
#define HAVE_POPEN 1
#define HAVE_PUTENV 1
#define HAVE_STRCASECMP 1
#define HAVE_STRSEP 1
#define HAVE_TIMES 1
#define HAVE_GETPID 1
#define HAVE_SYSCTL 1
#define HAVE_SYSCONF 1
#define HAVE_GETCWD 1
#define HAVE_CHMOD 1
#define HAVE_STAT 1
#define HAVE_FSTAT 1
#define HAVE_FSEEKO 1

configure: exit 0
